{"/home/kevin/Desktop/Pursuit/Kjett/email/be_email/app.js": {"path":"/home/kevin/Desktop/Pursuit/Kjett/email/be_email/app.js","statementMap":{"0":{"start":{"line":1,"column":16},"end":{"line":1,"column":34}},"1":{"start":{"line":2,"column":12},"end":{"line":2,"column":21}},"2":{"start":{"line":3,"column":13},"end":{"line":3,"column":28}},"3":{"start":{"line":4,"column":19},"end":{"line":4,"column":41}},"4":{"start":{"line":6,"column":0},"end":{"line":6,"column":49}},"5":{"start":{"line":7,"column":0},"end":{"line":7,"column":27}},"6":{"start":{"line":8,"column":0},"end":{"line":8,"column":16}},"7":{"start":{"line":12,"column":19},"end":{"line":12,"column":44}},"8":{"start":{"line":13,"column":22},"end":{"line":13,"column":49}},"9":{"start":{"line":14,"column":27},"end":{"line":14,"column":59}},"10":{"start":{"line":16,"column":0},"end":{"line":16,"column":30}},"11":{"start":{"line":17,"column":0},"end":{"line":17,"column":35}},"12":{"start":{"line":18,"column":0},"end":{"line":18,"column":45}},"13":{"start":{"line":20,"column":0},"end":{"line":20,"column":22}}},"fnMap":{},"branchMap":{},"s":{"0":2,"1":2,"2":2,"3":2,"4":2,"5":2,"6":2,"7":2,"8":2,"9":2,"10":2,"11":2,"12":2,"13":2},"f":{},"b":{},"_coverageSchema":"43e27e138ebf9cfc5966b082cf9a028302ed4184","hash":"ad37cfe871b2e41da221c1f2373c7535a0c50a75"}
,"/home/kevin/Desktop/Pursuit/Kjett/email/be_email/routes/contact_list.js": {"path":"/home/kevin/Desktop/Pursuit/Kjett/email/be_email/routes/contact_list.js","statementMap":{"0":{"start":{"line":1,"column":16},"end":{"line":1,"column":34}},"1":{"start":{"line":2,"column":27},"end":{"line":2,"column":43}},"2":{"start":{"line":3,"column":28},"end":{"line":3,"column":63}},"3":{"start":{"line":4,"column":15},"end":{"line":4,"column":33}},"4":{"start":{"line":7,"column":0},"end":{"line":23,"column":3}},"5":{"start":{"line":8,"column":36},"end":{"line":8,"column":44}},"6":{"start":{"line":9,"column":13},"end":{"line":9,"column":21}},"7":{"start":{"line":10,"column":2},"end":{"line":22,"column":6}},"8":{"start":{"line":12,"column":6},"end":{"line":12,"column":22}},"9":{"start":{"line":13,"column":6},"end":{"line":16,"column":7}},"10":{"start":{"line":19,"column":6},"end":{"line":19,"column":22}},"11":{"start":{"line":20,"column":6},"end":{"line":20,"column":22}},"12":{"start":{"line":21,"column":6},"end":{"line":21,"column":31}},"13":{"start":{"line":26,"column":0},"end":{"line":37,"column":3}},"14":{"start":{"line":27,"column":17},"end":{"line":27,"column":27}},"15":{"start":{"line":28,"column":2},"end":{"line":36,"column":6}},"16":{"start":{"line":30,"column":6},"end":{"line":30,"column":22}},"17":{"start":{"line":31,"column":6},"end":{"line":31,"column":21}},"18":{"start":{"line":34,"column":6},"end":{"line":34,"column":22}},"19":{"start":{"line":35,"column":6},"end":{"line":35,"column":31}},"20":{"start":{"line":40,"column":0},"end":{"line":53,"column":3}},"21":{"start":{"line":41,"column":21},"end":{"line":41,"column":29}},"22":{"start":{"line":42,"column":2},"end":{"line":52,"column":6}},"23":{"start":{"line":44,"column":6},"end":{"line":44,"column":22}},"24":{"start":{"line":45,"column":6},"end":{"line":47,"column":7}},"25":{"start":{"line":50,"column":6},"end":{"line":50,"column":22}},"26":{"start":{"line":51,"column":6},"end":{"line":51,"column":31}},"27":{"start":{"line":56,"column":0},"end":{"line":67,"column":2}},"28":{"start":{"line":57,"column":17},"end":{"line":57,"column":27}},"29":{"start":{"line":58,"column":2},"end":{"line":66,"column":4}},"30":{"start":{"line":60,"column":4},"end":{"line":60,"column":19}},"31":{"start":{"line":61,"column":4},"end":{"line":61,"column":56}},"32":{"start":{"line":64,"column":4},"end":{"line":64,"column":20}},"33":{"start":{"line":65,"column":4},"end":{"line":65,"column":29}},"34":{"start":{"line":71,"column":0},"end":{"line":71,"column":36}}},"fnMap":{"0":{"name":"(anonymous_0)","decl":{"start":{"line":7,"column":29},"end":{"line":7,"column":30}},"loc":{"start":{"line":7,"column":43},"end":{"line":23,"column":1}},"line":7},"1":{"name":"(anonymous_1)","decl":{"start":{"line":11,"column":10},"end":{"line":11,"column":11}},"loc":{"start":{"line":11,"column":18},"end":{"line":17,"column":5}},"line":11},"2":{"name":"(anonymous_2)","decl":{"start":{"line":18,"column":11},"end":{"line":18,"column":12}},"loc":{"start":{"line":18,"column":18},"end":{"line":22,"column":5}},"line":18},"3":{"name":"(anonymous_3)","decl":{"start":{"line":26,"column":33},"end":{"line":26,"column":34}},"loc":{"start":{"line":26,"column":47},"end":{"line":37,"column":1}},"line":26},"4":{"name":"(anonymous_4)","decl":{"start":{"line":29,"column":10},"end":{"line":29,"column":11}},"loc":{"start":{"line":29,"column":18},"end":{"line":32,"column":5}},"line":29},"5":{"name":"(anonymous_5)","decl":{"start":{"line":33,"column":11},"end":{"line":33,"column":12}},"loc":{"start":{"line":33,"column":18},"end":{"line":36,"column":5}},"line":33},"6":{"name":"(anonymous_6)","decl":{"start":{"line":40,"column":33},"end":{"line":40,"column":34}},"loc":{"start":{"line":40,"column":47},"end":{"line":53,"column":1}},"line":40},"7":{"name":"(anonymous_7)","decl":{"start":{"line":43,"column":10},"end":{"line":43,"column":11}},"loc":{"start":{"line":43,"column":16},"end":{"line":48,"column":5}},"line":43},"8":{"name":"(anonymous_8)","decl":{"start":{"line":49,"column":11},"end":{"line":49,"column":12}},"loc":{"start":{"line":49,"column":18},"end":{"line":52,"column":5}},"line":49},"9":{"name":"(anonymous_9)","decl":{"start":{"line":56,"column":35},"end":{"line":56,"column":36}},"loc":{"start":{"line":56,"column":46},"end":{"line":67,"column":1}},"line":56},"10":{"name":"(anonymous_10)","decl":{"start":{"line":59,"column":8},"end":{"line":59,"column":9}},"loc":{"start":{"line":59,"column":12},"end":{"line":62,"column":3}},"line":59},"11":{"name":"(anonymous_11)","decl":{"start":{"line":63,"column":9},"end":{"line":63,"column":10}},"loc":{"start":{"line":63,"column":15},"end":{"line":66,"column":3}},"line":63}},"branchMap":{},"s":{"0":2,"1":2,"2":2,"3":2,"4":2,"5":0,"6":0,"7":0,"8":0,"9":0,"10":0,"11":0,"12":0,"13":2,"14":0,"15":0,"16":0,"17":0,"18":0,"19":0,"20":2,"21":0,"22":0,"23":0,"24":0,"25":0,"26":0,"27":2,"28":0,"29":0,"30":0,"31":0,"32":0,"33":0,"34":2},"f":{"0":0,"1":0,"2":0,"3":0,"4":0,"5":0,"6":0,"7":0,"8":0,"9":0,"10":0,"11":0},"b":{},"_coverageSchema":"43e27e138ebf9cfc5966b082cf9a028302ed4184","hash":"b932ec92647357a7a447c9e6dca4e1953c27f1ed"}
,"/home/kevin/Desktop/Pursuit/Kjett/email/be_email/routes/history.js": {"path":"/home/kevin/Desktop/Pursuit/Kjett/email/be_email/routes/history.js","statementMap":{"0":{"start":{"line":1,"column":16},"end":{"line":1,"column":34}},"1":{"start":{"line":2,"column":22},"end":{"line":2,"column":38}},"2":{"start":{"line":3,"column":23},"end":{"line":3,"column":53}},"3":{"start":{"line":4,"column":15},"end":{"line":4,"column":33}},"4":{"start":{"line":7,"column":0},"end":{"line":22,"column":3}},"5":{"start":{"line":8,"column":38},"end":{"line":8,"column":46}},"6":{"start":{"line":9,"column":13},"end":{"line":9,"column":21}},"7":{"start":{"line":10,"column":2},"end":{"line":21,"column":6}},"8":{"start":{"line":12,"column":6},"end":{"line":12,"column":22}},"9":{"start":{"line":13,"column":6},"end":{"line":16,"column":11}},"10":{"start":{"line":19,"column":6},"end":{"line":19,"column":22}},"11":{"start":{"line":20,"column":6},"end":{"line":20,"column":31}},"12":{"start":{"line":25,"column":0},"end":{"line":36,"column":3}},"13":{"start":{"line":26,"column":17},"end":{"line":26,"column":27}},"14":{"start":{"line":27,"column":2},"end":{"line":35,"column":6}},"15":{"start":{"line":29,"column":6},"end":{"line":29,"column":22}},"16":{"start":{"line":30,"column":6},"end":{"line":30,"column":21}},"17":{"start":{"line":33,"column":6},"end":{"line":33,"column":22}},"18":{"start":{"line":34,"column":6},"end":{"line":34,"column":31}},"19":{"start":{"line":38,"column":0},"end":{"line":49,"column":3}},"20":{"start":{"line":39,"column":17},"end":{"line":39,"column":27}},"21":{"start":{"line":40,"column":2},"end":{"line":48,"column":6}},"22":{"start":{"line":42,"column":6},"end":{"line":42,"column":22}},"23":{"start":{"line":43,"column":6},"end":{"line":43,"column":21}},"24":{"start":{"line":46,"column":6},"end":{"line":46,"column":22}},"25":{"start":{"line":47,"column":6},"end":{"line":47,"column":31}},"26":{"start":{"line":51,"column":0},"end":{"line":51,"column":31}}},"fnMap":{"0":{"name":"(anonymous_0)","decl":{"start":{"line":7,"column":24},"end":{"line":7,"column":25}},"loc":{"start":{"line":7,"column":38},"end":{"line":22,"column":1}},"line":7},"1":{"name":"(anonymous_1)","decl":{"start":{"line":11,"column":10},"end":{"line":11,"column":11}},"loc":{"start":{"line":11,"column":18},"end":{"line":17,"column":5}},"line":11},"2":{"name":"(anonymous_2)","decl":{"start":{"line":18,"column":11},"end":{"line":18,"column":12}},"loc":{"start":{"line":18,"column":18},"end":{"line":21,"column":5}},"line":18},"3":{"name":"(anonymous_3)","decl":{"start":{"line":25,"column":33},"end":{"line":25,"column":34}},"loc":{"start":{"line":25,"column":47},"end":{"line":36,"column":1}},"line":25},"4":{"name":"(anonymous_4)","decl":{"start":{"line":28,"column":10},"end":{"line":28,"column":11}},"loc":{"start":{"line":28,"column":18},"end":{"line":31,"column":5}},"line":28},"5":{"name":"(anonymous_5)","decl":{"start":{"line":32,"column":11},"end":{"line":32,"column":12}},"loc":{"start":{"line":32,"column":18},"end":{"line":35,"column":5}},"line":32},"6":{"name":"(anonymous_6)","decl":{"start":{"line":38,"column":37},"end":{"line":38,"column":38}},"loc":{"start":{"line":38,"column":51},"end":{"line":49,"column":1}},"line":38},"7":{"name":"(anonymous_7)","decl":{"start":{"line":41,"column":10},"end":{"line":41,"column":11}},"loc":{"start":{"line":41,"column":18},"end":{"line":44,"column":5}},"line":41},"8":{"name":"(anonymous_8)","decl":{"start":{"line":45,"column":11},"end":{"line":45,"column":12}},"loc":{"start":{"line":45,"column":18},"end":{"line":48,"column":5}},"line":45}},"branchMap":{},"s":{"0":2,"1":2,"2":2,"3":2,"4":2,"5":2,"6":2,"7":2,"8":1,"9":1,"10":1,"11":1,"12":2,"13":2,"14":2,"15":1,"16":1,"17":1,"18":1,"19":2,"20":2,"21":2,"22":1,"23":1,"24":1,"25":1,"26":2},"f":{"0":2,"1":1,"2":1,"3":2,"4":1,"5":1,"6":2,"7":1,"8":1},"b":{},"_coverageSchema":"43e27e138ebf9cfc5966b082cf9a028302ed4184","hash":"0a406785f6d3464e7a570dd7ff712954be64115a"}
,"/home/kevin/Desktop/Pursuit/Kjett/email/be_email/routes/users.js": {"path":"/home/kevin/Desktop/Pursuit/Kjett/email/be_email/routes/users.js","statementMap":{"0":{"start":{"line":1,"column":16},"end":{"line":1,"column":34}},"1":{"start":{"line":2,"column":19},"end":{"line":2,"column":35}},"2":{"start":{"line":3,"column":20},"end":{"line":3,"column":48}},"3":{"start":{"line":4,"column":15},"end":{"line":4,"column":33}},"4":{"start":{"line":7,"column":0},"end":{"line":19,"column":3}},"5":{"start":{"line":8,"column":50},"end":{"line":8,"column":58}},"6":{"start":{"line":9,"column":13},"end":{"line":9,"column":21}},"7":{"start":{"line":10,"column":2},"end":{"line":18,"column":6}},"8":{"start":{"line":12,"column":6},"end":{"line":12,"column":22}},"9":{"start":{"line":13,"column":6},"end":{"line":13,"column":21}},"10":{"start":{"line":16,"column":6},"end":{"line":16,"column":22}},"11":{"start":{"line":17,"column":6},"end":{"line":17,"column":31}},"12":{"start":{"line":22,"column":0},"end":{"line":33,"column":3}},"13":{"start":{"line":23,"column":18},"end":{"line":23,"column":28}},"14":{"start":{"line":24,"column":2},"end":{"line":32,"column":6}},"15":{"start":{"line":26,"column":6},"end":{"line":26,"column":22}},"16":{"start":{"line":27,"column":6},"end":{"line":27,"column":21}},"17":{"start":{"line":30,"column":6},"end":{"line":30,"column":22}},"18":{"start":{"line":31,"column":6},"end":{"line":31,"column":31}},"19":{"start":{"line":36,"column":0},"end":{"line":48,"column":3}},"20":{"start":{"line":37,"column":17},"end":{"line":37,"column":27}},"21":{"start":{"line":38,"column":50},"end":{"line":38,"column":58}},"22":{"start":{"line":39,"column":2},"end":{"line":47,"column":6}},"23":{"start":{"line":41,"column":6},"end":{"line":41,"column":22}},"24":{"start":{"line":42,"column":6},"end":{"line":42,"column":21}},"25":{"start":{"line":45,"column":6},"end":{"line":45,"column":22}},"26":{"start":{"line":46,"column":6},"end":{"line":46,"column":31}},"27":{"start":{"line":51,"column":0},"end":{"line":62,"column":2}},"28":{"start":{"line":52,"column":17},"end":{"line":52,"column":27}},"29":{"start":{"line":53,"column":2},"end":{"line":61,"column":4}},"30":{"start":{"line":55,"column":4},"end":{"line":55,"column":19}},"31":{"start":{"line":56,"column":4},"end":{"line":56,"column":55}},"32":{"start":{"line":59,"column":4},"end":{"line":59,"column":20}},"33":{"start":{"line":60,"column":4},"end":{"line":60,"column":29}},"34":{"start":{"line":64,"column":0},"end":{"line":64,"column":28}}},"fnMap":{"0":{"name":"(anonymous_0)","decl":{"start":{"line":7,"column":21},"end":{"line":7,"column":22}},"loc":{"start":{"line":7,"column":35},"end":{"line":19,"column":1}},"line":7},"1":{"name":"(anonymous_1)","decl":{"start":{"line":11,"column":10},"end":{"line":11,"column":11}},"loc":{"start":{"line":11,"column":18},"end":{"line":14,"column":5}},"line":11},"2":{"name":"(anonymous_2)","decl":{"start":{"line":15,"column":11},"end":{"line":15,"column":12}},"loc":{"start":{"line":15,"column":18},"end":{"line":18,"column":5}},"line":15},"3":{"name":"(anonymous_3)","decl":{"start":{"line":22,"column":26},"end":{"line":22,"column":27}},"loc":{"start":{"line":22,"column":40},"end":{"line":33,"column":1}},"line":22},"4":{"name":"(anonymous_4)","decl":{"start":{"line":25,"column":10},"end":{"line":25,"column":11}},"loc":{"start":{"line":25,"column":18},"end":{"line":28,"column":5}},"line":25},"5":{"name":"(anonymous_5)","decl":{"start":{"line":29,"column":11},"end":{"line":29,"column":12}},"loc":{"start":{"line":29,"column":18},"end":{"line":32,"column":5}},"line":29},"6":{"name":"(anonymous_6)","decl":{"start":{"line":36,"column":25},"end":{"line":36,"column":26}},"loc":{"start":{"line":36,"column":39},"end":{"line":48,"column":1}},"line":36},"7":{"name":"(anonymous_7)","decl":{"start":{"line":40,"column":10},"end":{"line":40,"column":11}},"loc":{"start":{"line":40,"column":18},"end":{"line":43,"column":5}},"line":40},"8":{"name":"(anonymous_8)","decl":{"start":{"line":44,"column":11},"end":{"line":44,"column":12}},"loc":{"start":{"line":44,"column":18},"end":{"line":47,"column":5}},"line":44},"9":{"name":"(anonymous_9)","decl":{"start":{"line":51,"column":27},"end":{"line":51,"column":28}},"loc":{"start":{"line":51,"column":38},"end":{"line":62,"column":1}},"line":51},"10":{"name":"(anonymous_10)","decl":{"start":{"line":54,"column":8},"end":{"line":54,"column":9}},"loc":{"start":{"line":54,"column":12},"end":{"line":57,"column":3}},"line":54},"11":{"name":"(anonymous_11)","decl":{"start":{"line":58,"column":9},"end":{"line":58,"column":10}},"loc":{"start":{"line":58,"column":15},"end":{"line":61,"column":3}},"line":58}},"branchMap":{},"s":{"0":2,"1":2,"2":2,"3":2,"4":2,"5":2,"6":2,"7":2,"8":1,"9":1,"10":1,"11":1,"12":2,"13":2,"14":2,"15":1,"16":1,"17":1,"18":1,"19":2,"20":2,"21":2,"22":2,"23":1,"24":1,"25":1,"26":1,"27":2,"28":2,"29":2,"30":1,"31":1,"32":1,"33":1,"34":2},"f":{"0":2,"1":1,"2":1,"3":2,"4":1,"5":1,"6":2,"7":1,"8":1,"9":2,"10":1,"11":1},"b":{},"_coverageSchema":"43e27e138ebf9cfc5966b082cf9a028302ed4184","hash":"2e032aa6eb8cfc66c68e70163d46554fac20f1ff"}
,"/home/kevin/Desktop/Pursuit/Kjett/email/be_email/services/contact_list.js": {"path":"/home/kevin/Desktop/Pursuit/Kjett/email/be_email/services/contact_list.js","statementMap":{"0":{"start":{"line":1,"column":13},"end":{"line":1,"column":35}},"1":{"start":{"line":2,"column":28},"end":{"line":2,"column":30}},"2":{"start":{"line":5,"column":0},"end":{"line":9,"column":1}},"3":{"start":{"line":6,"column":2},"end":{"line":8,"column":5}},"4":{"start":{"line":12,"column":0},"end":{"line":16,"column":1}},"5":{"start":{"line":13,"column":2},"end":{"line":15,"column":5}},"6":{"start":{"line":19,"column":0},"end":{"line":23,"column":1}},"7":{"start":{"line":20,"column":2},"end":{"line":22,"column":5}},"8":{"start":{"line":26,"column":0},"end":{"line":30,"column":1}},"9":{"start":{"line":27,"column":2},"end":{"line":29,"column":4}},"10":{"start":{"line":32,"column":0},"end":{"line":32,"column":37}}},"fnMap":{"0":{"name":"(anonymous_0)","decl":{"start":{"line":5,"column":29},"end":{"line":5,"column":30}},"loc":{"start":{"line":5,"column":63},"end":{"line":9,"column":1}},"line":5},"1":{"name":"(anonymous_1)","decl":{"start":{"line":12,"column":34},"end":{"line":12,"column":35}},"loc":{"start":{"line":12,"column":43},"end":{"line":16,"column":1}},"line":12},"2":{"name":"(anonymous_2)","decl":{"start":{"line":19,"column":29},"end":{"line":19,"column":30}},"loc":{"start":{"line":19,"column":48},"end":{"line":23,"column":1}},"line":19},"3":{"name":"(anonymous_3)","decl":{"start":{"line":26,"column":29},"end":{"line":26,"column":30}},"loc":{"start":{"line":26,"column":38},"end":{"line":30,"column":1}},"line":26}},"branchMap":{},"s":{"0":2,"1":2,"2":2,"3":0,"4":2,"5":0,"6":2,"7":0,"8":2,"9":0,"10":2},"f":{"0":0,"1":0,"2":0,"3":0},"b":{},"_coverageSchema":"43e27e138ebf9cfc5966b082cf9a028302ed4184","hash":"ef56391031fb3c29e5246f9e5a57d8355e841a4f"}
,"/home/kevin/Desktop/Pursuit/Kjett/email/be_email/services/dbConnect.js": {"path":"/home/kevin/Desktop/Pursuit/Kjett/email/be_email/services/dbConnect.js","statementMap":{"0":{"start":{"line":1,"column":12},"end":{"line":1,"column":37}},"1":{"start":{"line":2,"column":11},"end":{"line":2,"column":93}},"2":{"start":{"line":5,"column":0},"end":{"line":7,"column":1}}},"fnMap":{},"branchMap":{"0":{"loc":{"start":{"line":2,"column":15},"end":{"line":2,"column":92}},"type":"binary-expr","locations":[{"start":{"line":2,"column":15},"end":{"line":2,"column":39}},{"start":{"line":2,"column":43},"end":{"line":2,"column":92}}],"line":2}},"s":{"0":2,"1":2,"2":2},"f":{},"b":{"0":[2,2]},"_coverageSchema":"43e27e138ebf9cfc5966b082cf9a028302ed4184","hash":"79224bbe9ce4de62842ca293a827806bf1716df9"}
,"/home/kevin/Desktop/Pursuit/Kjett/email/be_email/services/history.js": {"path":"/home/kevin/Desktop/Pursuit/Kjett/email/be_email/services/history.js","statementMap":{"0":{"start":{"line":1,"column":13},"end":{"line":1,"column":35}},"1":{"start":{"line":2,"column":23},"end":{"line":2,"column":25}},"2":{"start":{"line":5,"column":0},"end":{"line":9,"column":1}},"3":{"start":{"line":6,"column":2},"end":{"line":8,"column":5}},"4":{"start":{"line":12,"column":0},"end":{"line":16,"column":1}},"5":{"start":{"line":13,"column":2},"end":{"line":15,"column":5}},"6":{"start":{"line":19,"column":0},"end":{"line":23,"column":1}},"7":{"start":{"line":20,"column":2},"end":{"line":22,"column":5}},"8":{"start":{"line":25,"column":0},"end":{"line":25,"column":32}}},"fnMap":{"0":{"name":"(anonymous_0)","decl":{"start":{"line":5,"column":24},"end":{"line":5,"column":25}},"loc":{"start":{"line":5,"column":60},"end":{"line":9,"column":1}},"line":5},"1":{"name":"(anonymous_1)","decl":{"start":{"line":12,"column":26},"end":{"line":12,"column":27}},"loc":{"start":{"line":12,"column":35},"end":{"line":16,"column":1}},"line":12},"2":{"name":"(anonymous_2)","decl":{"start":{"line":19,"column":29},"end":{"line":19,"column":30}},"loc":{"start":{"line":19,"column":38},"end":{"line":23,"column":1}},"line":19}},"branchMap":{},"s":{"0":2,"1":2,"2":2,"3":3,"4":2,"5":3,"6":2,"7":3,"8":2},"f":{"0":3,"1":3,"2":3},"b":{},"_coverageSchema":"43e27e138ebf9cfc5966b082cf9a028302ed4184","hash":"c3eae180464c28e932668224c01a0b5c3c117050"}
,"/home/kevin/Desktop/Pursuit/Kjett/email/be_email/services/users.js": {"path":"/home/kevin/Desktop/Pursuit/Kjett/email/be_email/services/users.js","statementMap":{"0":{"start":{"line":1,"column":13},"end":{"line":1,"column":35}},"1":{"start":{"line":2,"column":20},"end":{"line":2,"column":22}},"2":{"start":{"line":5,"column":0},"end":{"line":9,"column":1}},"3":{"start":{"line":6,"column":2},"end":{"line":8,"column":5}},"4":{"start":{"line":12,"column":0},"end":{"line":16,"column":1}},"5":{"start":{"line":13,"column":2},"end":{"line":15,"column":5}},"6":{"start":{"line":19,"column":0},"end":{"line":23,"column":1}},"7":{"start":{"line":20,"column":2},"end":{"line":22,"column":4}},"8":{"start":{"line":26,"column":0},"end":{"line":30,"column":1}},"9":{"start":{"line":27,"column":2},"end":{"line":29,"column":4}},"10":{"start":{"line":32,"column":0},"end":{"line":32,"column":29}}},"fnMap":{"0":{"name":"(anonymous_0)","decl":{"start":{"line":5,"column":21},"end":{"line":5,"column":22}},"loc":{"start":{"line":5,"column":68},"end":{"line":9,"column":1}},"line":5},"1":{"name":"(anonymous_1)","decl":{"start":{"line":12,"column":19},"end":{"line":12,"column":20}},"loc":{"start":{"line":12,"column":29},"end":{"line":16,"column":1}},"line":12},"2":{"name":"(anonymous_2)","decl":{"start":{"line":19,"column":21},"end":{"line":19,"column":22}},"loc":{"start":{"line":19,"column":68},"end":{"line":23,"column":1}},"line":19},"3":{"name":"(anonymous_3)","decl":{"start":{"line":26,"column":21},"end":{"line":26,"column":22}},"loc":{"start":{"line":26,"column":30},"end":{"line":30,"column":1}},"line":26}},"branchMap":{},"s":{"0":2,"1":2,"2":2,"3":3,"4":2,"5":3,"6":2,"7":3,"8":2,"9":3,"10":2},"f":{"0":3,"1":3,"2":3,"3":3},"b":{},"_coverageSchema":"43e27e138ebf9cfc5966b082cf9a028302ed4184","hash":"d137f0e6b55920959d7971944382a6a142c2dbe0"}
}
