TN:
SF:/home/kevin/Desktop/Pursuit/Kjett/email/be_email/app.js
FNF:0
FNH:0
DA:1,3
DA:2,3
DA:3,3
DA:4,3
DA:6,3
DA:7,3
DA:8,3
DA:12,3
DA:13,3
DA:14,3
DA:16,3
DA:17,3
DA:18,3
DA:20,3
LF:14
LH:14
BRF:0
BRH:0
end_of_record
TN:
SF:/home/kevin/Desktop/Pursuit/Kjett/email/be_email/routes/contact_list.js
FN:7,(anonymous_0)
FN:11,(anonymous_1)
FN:18,(anonymous_2)
FN:26,(anonymous_3)
FN:29,(anonymous_4)
FN:33,(anonymous_5)
FN:40,(anonymous_6)
FN:44,(anonymous_7)
FN:50,(anonymous_8)
FN:57,(anonymous_9)
FN:60,(anonymous_10)
FN:64,(anonymous_11)
FNF:12
FNH:12
FNDA:2,(anonymous_0)
FNDA:1,(anonymous_1)
FNDA:1,(anonymous_2)
FNDA:2,(anonymous_3)
FNDA:1,(anonymous_4)
FNDA:1,(anonymous_5)
FNDA:2,(anonymous_6)
FNDA:1,(anonymous_7)
FNDA:1,(anonymous_8)
FNDA:2,(anonymous_9)
FNDA:1,(anonymous_10)
FNDA:1,(anonymous_11)
DA:1,3
DA:2,3
DA:3,3
DA:4,3
DA:7,3
DA:8,2
DA:9,2
DA:10,2
DA:12,1
DA:13,1
DA:19,1
DA:20,1
DA:21,1
DA:26,3
DA:27,2
DA:28,2
DA:30,1
DA:31,1
DA:34,1
DA:35,1
DA:40,3
DA:41,2
DA:42,2
DA:43,2
DA:45,1
DA:46,1
DA:51,1
DA:52,1
DA:57,3
DA:58,2
DA:59,2
DA:61,1
DA:62,1
DA:65,1
DA:66,1
DA:72,3
LF:36
LH:36
BRF:0
BRH:0
end_of_record
TN:
SF:/home/kevin/Desktop/Pursuit/Kjett/email/be_email/routes/history.js
FN:7,(anonymous_0)
FN:11,(anonymous_1)
FN:18,(anonymous_2)
FN:25,(anonymous_3)
FN:28,(anonymous_4)
FN:32,(anonymous_5)
FN:38,(anonymous_6)
FN:41,(anonymous_7)
FN:45,(anonymous_8)
FNF:9
FNH:9
FNDA:2,(anonymous_0)
FNDA:1,(anonymous_1)
FNDA:1,(anonymous_2)
FNDA:2,(anonymous_3)
FNDA:1,(anonymous_4)
FNDA:1,(anonymous_5)
FNDA:2,(anonymous_6)
FNDA:1,(anonymous_7)
FNDA:1,(anonymous_8)
DA:1,3
DA:2,3
DA:3,3
DA:4,3
DA:7,3
DA:8,2
DA:9,2
DA:10,2
DA:12,1
DA:13,1
DA:19,1
DA:20,1
DA:25,3
DA:26,2
DA:27,2
DA:29,1
DA:30,1
DA:33,1
DA:34,1
DA:38,3
DA:39,2
DA:40,2
DA:42,1
DA:43,1
DA:46,1
DA:47,1
DA:51,3
LF:27
LH:27
BRF:0
BRH:0
end_of_record
TN:
SF:/home/kevin/Desktop/Pursuit/Kjett/email/be_email/routes/users.js
FN:7,(anonymous_0)
FN:11,(anonymous_1)
FN:15,(anonymous_2)
FN:22,(anonymous_3)
FN:25,(anonymous_4)
FN:29,(anonymous_5)
FN:36,(anonymous_6)
FN:40,(anonymous_7)
FN:44,(anonymous_8)
FN:51,(anonymous_9)
FN:54,(anonymous_10)
FN:58,(anonymous_11)
FNF:12
FNH:12
FNDA:2,(anonymous_0)
FNDA:1,(anonymous_1)
FNDA:1,(anonymous_2)
FNDA:2,(anonymous_3)
FNDA:1,(anonymous_4)
FNDA:1,(anonymous_5)
FNDA:2,(anonymous_6)
FNDA:1,(anonymous_7)
FNDA:1,(anonymous_8)
FNDA:2,(anonymous_9)
FNDA:1,(anonymous_10)
FNDA:1,(anonymous_11)
DA:1,3
DA:2,3
DA:3,3
DA:4,3
DA:7,3
DA:8,2
DA:9,2
DA:10,2
DA:12,1
DA:13,1
DA:16,1
DA:17,1
DA:22,3
DA:23,2
DA:24,2
DA:26,1
DA:27,1
DA:30,1
DA:31,1
DA:36,3
DA:37,2
DA:38,2
DA:39,2
DA:41,1
DA:42,1
DA:45,1
DA:46,1
DA:51,3
DA:52,2
DA:53,2
DA:55,1
DA:56,1
DA:59,1
DA:60,1
DA:64,3
LF:35
LH:35
BRF:0
BRH:0
end_of_record
TN:
SF:/home/kevin/Desktop/Pursuit/Kjett/email/be_email/services/contact_list.js
FN:5,(anonymous_0)
FN:12,(anonymous_1)
FN:19,(anonymous_2)
FN:26,(anonymous_3)
FNF:4
FNH:4
FNDA:3,(anonymous_0)
FNDA:3,(anonymous_1)
FNDA:3,(anonymous_2)
FNDA:3,(anonymous_3)
DA:1,3
DA:2,3
DA:5,3
DA:6,3
DA:12,3
DA:13,3
DA:19,3
DA:20,3
DA:26,3
DA:27,3
DA:32,3
LF:11
LH:11
BRF:0
BRH:0
end_of_record
TN:
SF:/home/kevin/Desktop/Pursuit/Kjett/email/be_email/services/dbConnect.js
FNF:0
FNH:0
DA:1,3
DA:2,3
DA:5,3
LF:3
LH:3
BRDA:2,0,0,3
BRDA:2,0,1,3
BRF:2
BRH:2
end_of_record
TN:
SF:/home/kevin/Desktop/Pursuit/Kjett/email/be_email/services/history.js
FN:5,(anonymous_0)
FN:12,(anonymous_1)
FN:19,(anonymous_2)
FNF:3
FNH:3
FNDA:3,(anonymous_0)
FNDA:3,(anonymous_1)
FNDA:3,(anonymous_2)
DA:1,3
DA:2,3
DA:5,3
DA:6,3
DA:12,3
DA:13,3
DA:19,3
DA:20,3
DA:25,3
LF:9
LH:9
BRF:0
BRH:0
end_of_record
TN:
SF:/home/kevin/Desktop/Pursuit/Kjett/email/be_email/services/users.js
FN:5,(anonymous_0)
FN:12,(anonymous_1)
FN:19,(anonymous_2)
FN:26,(anonymous_3)
FNF:4
FNH:4
FNDA:3,(anonymous_0)
FNDA:3,(anonymous_1)
FNDA:3,(anonymous_2)
FNDA:3,(anonymous_3)
DA:1,3
DA:2,3
DA:5,3
DA:6,3
DA:12,3
DA:13,3
DA:19,3
DA:20,3
DA:26,3
DA:27,3
DA:32,3
LF:11
LH:11
BRF:0
BRH:0
end_of_record
