TN:
SF:/home/kevin/Desktop/Pursuit/Kjett/email/be_email/app.js
FNF:0
FNH:0
DA:1,4
DA:2,4
DA:3,4
DA:4,4
DA:6,4
DA:7,4
DA:8,4
DA:12,4
DA:13,4
DA:14,4
DA:15,4
DA:17,4
DA:18,4
DA:19,4
DA:20,4
DA:22,4
LF:16
LH:16
BRF:0
BRH:0
end_of_record
TN:
SF:/home/kevin/Desktop/Pursuit/Kjett/email/be_email/routes/contact_list.js
FN:7,(anonymous_0)
FN:11,(anonymous_1)
FN:18,(anonymous_2)
FN:25,(anonymous_3)
FN:28,(anonymous_4)
FN:32,(anonymous_5)
FN:39,(anonymous_6)
FN:43,(anonymous_7)
FN:49,(anonymous_8)
FN:56,(anonymous_9)
FN:59,(anonymous_10)
FN:63,(anonymous_11)
FNF:12
FNH:12
FNDA:2,(anonymous_0)
FNDA:1,(anonymous_1)
FNDA:1,(anonymous_2)
FNDA:2,(anonymous_3)
FNDA:1,(anonymous_4)
FNDA:1,(anonymous_5)
FNDA:2,(anonymous_6)
FNDA:1,(anonymous_7)
FNDA:1,(anonymous_8)
FNDA:2,(anonymous_9)
FNDA:1,(anonymous_10)
FNDA:1,(anonymous_11)
DA:1,4
DA:2,4
DA:3,4
DA:4,4
DA:7,4
DA:8,2
DA:9,2
DA:10,2
DA:12,1
DA:13,1
DA:19,1
DA:20,1
DA:25,4
DA:26,2
DA:27,2
DA:29,1
DA:30,1
DA:33,1
DA:34,1
DA:39,4
DA:40,2
DA:41,2
DA:42,2
DA:44,1
DA:45,1
DA:50,1
DA:51,1
DA:56,4
DA:57,2
DA:58,2
DA:60,1
DA:61,1
DA:64,1
DA:65,1
DA:71,4
LF:35
LH:35
BRF:0
BRH:0
end_of_record
TN:
SF:/home/kevin/Desktop/Pursuit/Kjett/email/be_email/routes/history.js
FN:7,(anonymous_0)
FN:11,(anonymous_1)
FN:18,(anonymous_2)
FN:25,(anonymous_3)
FN:28,(anonymous_4)
FN:32,(anonymous_5)
FN:38,(anonymous_6)
FN:41,(anonymous_7)
FN:45,(anonymous_8)
FNF:9
FNH:9
FNDA:2,(anonymous_0)
FNDA:1,(anonymous_1)
FNDA:1,(anonymous_2)
FNDA:2,(anonymous_3)
FNDA:1,(anonymous_4)
FNDA:1,(anonymous_5)
FNDA:2,(anonymous_6)
FNDA:1,(anonymous_7)
FNDA:1,(anonymous_8)
DA:1,4
DA:2,4
DA:3,4
DA:4,4
DA:7,4
DA:8,2
DA:9,2
DA:10,2
DA:12,1
DA:13,1
DA:19,1
DA:20,1
DA:25,4
DA:26,2
DA:27,2
DA:29,1
DA:30,1
DA:33,1
DA:34,1
DA:38,4
DA:39,2
DA:40,2
DA:42,1
DA:43,1
DA:46,1
DA:47,1
DA:51,4
LF:27
LH:27
BRF:0
BRH:0
end_of_record
TN:
SF:/home/kevin/Desktop/Pursuit/Kjett/email/be_email/routes/sendgrid.js
FN:8,(anonymous_0)
FN:11,(anonymous_1)
FN:16,(anonymous_2)
FNF:3
FNH:3
FNDA:2,(anonymous_0)
FNDA:1,(anonymous_1)
FNDA:1,(anonymous_2)
DA:1,4
DA:2,4
DA:3,4
DA:4,4
DA:8,4
DA:9,2
DA:10,2
DA:12,1
DA:13,1
DA:14,1
DA:17,1
DA:18,1
DA:24,4
LF:13
LH:13
BRF:0
BRH:0
end_of_record
TN:
SF:/home/kevin/Desktop/Pursuit/Kjett/email/be_email/routes/users.js
FN:7,(anonymous_0)
FN:11,(anonymous_1)
FN:15,(anonymous_2)
FN:22,(anonymous_3)
FN:25,(anonymous_4)
FN:29,(anonymous_5)
FN:36,(anonymous_6)
FN:39,(anonymous_7)
FN:43,(anonymous_8)
FN:50,(anonymous_9)
FN:54,(anonymous_10)
FN:58,(anonymous_11)
FN:65,(anonymous_12)
FN:68,(anonymous_13)
FN:72,(anonymous_14)
FNF:15
FNH:15
FNDA:2,(anonymous_0)
FNDA:1,(anonymous_1)
FNDA:1,(anonymous_2)
FNDA:2,(anonymous_3)
FNDA:1,(anonymous_4)
FNDA:1,(anonymous_5)
FNDA:2,(anonymous_6)
FNDA:1,(anonymous_7)
FNDA:1,(anonymous_8)
FNDA:2,(anonymous_9)
FNDA:1,(anonymous_10)
FNDA:1,(anonymous_11)
FNDA:2,(anonymous_12)
FNDA:1,(anonymous_13)
FNDA:1,(anonymous_14)
DA:1,4
DA:2,4
DA:3,4
DA:4,4
DA:7,4
DA:8,2
DA:9,2
DA:10,2
DA:12,1
DA:13,1
DA:16,1
DA:17,1
DA:22,4
DA:23,2
DA:24,2
DA:26,1
DA:27,1
DA:30,1
DA:31,1
DA:36,4
DA:37,2
DA:38,2
DA:40,1
DA:41,1
DA:44,1
DA:45,1
DA:50,4
DA:51,2
DA:52,2
DA:53,2
DA:55,1
DA:56,1
DA:59,1
DA:60,1
DA:65,4
DA:66,2
DA:67,2
DA:69,1
DA:70,1
DA:73,1
DA:74,1
DA:78,4
LF:42
LH:42
BRF:0
BRH:0
end_of_record
TN:
SF:/home/kevin/Desktop/Pursuit/Kjett/email/be_email/services/contact_list.js
FN:5,(anonymous_0)
FN:12,(anonymous_1)
FN:19,(anonymous_2)
FN:26,(anonymous_3)
FNF:4
FNH:4
FNDA:3,(anonymous_0)
FNDA:3,(anonymous_1)
FNDA:3,(anonymous_2)
FNDA:3,(anonymous_3)
DA:1,4
DA:2,4
DA:5,4
DA:6,3
DA:12,4
DA:13,3
DA:19,4
DA:20,3
DA:26,4
DA:27,3
DA:32,4
LF:11
LH:11
BRF:0
BRH:0
end_of_record
TN:
SF:/home/kevin/Desktop/Pursuit/Kjett/email/be_email/services/dbConnect.js
FNF:0
FNH:0
DA:1,4
DA:2,4
DA:5,4
LF:3
LH:3
BRDA:2,0,0,4
BRDA:2,0,1,4
BRF:2
BRH:2
end_of_record
TN:
SF:/home/kevin/Desktop/Pursuit/Kjett/email/be_email/services/history.js
FN:5,(anonymous_0)
FN:12,(anonymous_1)
FN:19,(anonymous_2)
FNF:3
FNH:3
FNDA:3,(anonymous_0)
FNDA:3,(anonymous_1)
FNDA:3,(anonymous_2)
DA:1,4
DA:2,4
DA:5,4
DA:6,3
DA:12,4
DA:13,3
DA:19,4
DA:20,3
DA:25,4
LF:9
LH:9
BRF:0
BRH:0
end_of_record
TN:
SF:/home/kevin/Desktop/Pursuit/Kjett/email/be_email/services/sendgrid.js
FN:6,(anonymous_0)
FN:8,(anonymous_1)
FNF:2
FNH:2
FNDA:4,(anonymous_0)
FNDA:4,(anonymous_1)
DA:1,4
DA:2,4
DA:3,4
DA:6,4
DA:7,4
DA:8,4
DA:9,4
DA:10,2
DA:18,2
DA:23,4
LF:10
LH:10
BRDA:9,0,0,2
BRDA:9,0,1,2
BRDA:9,1,0,4
BRDA:9,1,1,3
BRF:4
BRH:4
end_of_record
TN:
SF:/home/kevin/Desktop/Pursuit/Kjett/email/be_email/services/users.js
FN:5,(anonymous_0)
FN:12,(anonymous_1)
FN:19,(anonymous_2)
FN:26,(anonymous_3)
FN:33,(anonymous_4)
FNF:5
FNH:5
FNDA:3,(anonymous_0)
FNDA:3,(anonymous_1)
FNDA:3,(anonymous_2)
FNDA:3,(anonymous_3)
FNDA:3,(anonymous_4)
DA:1,4
DA:2,4
DA:5,4
DA:6,3
DA:12,4
DA:13,3
DA:19,4
DA:20,3
DA:26,4
DA:27,3
DA:33,4
DA:34,3
DA:39,4
LF:13
LH:13
BRF:0
BRH:0
end_of_record
